<?xml version="1.0" encoding="UTF-8"?>
<!-- Generated by org.testng.reporters.JUnitReportReporter -->
<testsuite hostname="LAPTOP-TVEPHTU8" failures="0" tests="1" name="Maven_Testng_Project.LoginPage" time="6.791" errors="0" timestamp="2024-10-06T16:03:29 IST" skipped="0">
  <testcase classname="Maven_Testng_Project.LoginPage" name="f" time="6.791"/>
  <system-out/>
</testsuite> <!-- Maven_Testng_Project.LoginPage -->
