<?xml version="1.0" encoding="UTF-8"?>
<!-- Generated by org.testng.reporters.JUnitReportReporter -->
<testsuite hostname="LAPTOP-TVEPHTU8" failures="0" tests="1" name="Maven_Testng_Project.Testng_Demo" time="0.013" errors="0" timestamp="2024-10-06T15:51:33 IST" skipped="0">
  <testcase classname="Maven_Testng_Project.Testng_Demo" name="f" time="0.013"/>
  <system-out/>
</testsuite> <!-- Maven_Testng_Project.Testng_Demo -->
